271 / 2318
623 / 4808
657 / 5139
606 / 4780
710 / 5327
709 / 5580
756 / 5965
1053 / 8079
1300 / 9485
1362 / 9973
1376 / 10149
1332 / 10169
1457 / 11110
1424 / 10947
1518 / 11179
1584 / 11946
1681 / 12647
1545 / 11491
334 / 2716
619 / 4838
865 / 6580
660 / 5293
755 / 5649
695 / 5453
584 / 4647
1144 / 8816
683 / 5385
732 / 5768
1745 / 13179
671 / 5185
1172 / 9053
785 / 6192
1323 / 10027
1632 / 12167
1273 / 9133
1294 / 9875
1488 / 11085
1504 / 11374
1765 / 13233
1369 / 10101
700 / 5374
1320 / 10084
692 / 5504
362 / 2970
358 / 2904
738 / 5566
1272 / 9135
1585 / 11700
1379 / 10532
1326 / 10081
658 / 5207
1259 / 9426
612 / 4796
1305 / 9720
1325 / 10059
725 / 5682
1549 / 11640
490 / 3856
1209 / 9110
633 / 4850
632 / 5078
704 / 5574
777 / 5963
1544 / 11384
717 / 5749
1126 / 8853
1309 / 9958
1285 / 9875
722 / 5586
1576 / 11502
558 / 4415
1325 / 9847
1288 / 9549
748 / 5946
705 / 5453
1044 / 7826
787 / 6049
459 / 3712
709 / 5730
1395 / 10523
1612 / 12167
688 / 5371
1113 / 8223
1327 / 9931
1086 / 8197
1391 / 10272
411 / 3283
789 / 5979
1415 / 10585
1209 / 9388
874 / 6478
1590 / 12089
1321 / 9722
595 / 4686
1170 / 8928
1261 / 9269
1356 / 10341
370 / 3027
311 / 2613
1383 / 10676
562 / 4524
668 / 5268
1309 / 9963
756 / 5866
607 / 4634
514 / 4026
1552 / 11649
1181 / 8896
695 / 5348
738 / 5964
665 / 5166
1215 / 9079
388 / 3149
652 / 5023
1365 / 10080
1737 / 13135
1341 / 10261
1700 / 12813
314 / 2549
389 / 3059
1768 / 13265
1203 / 9283
425 / 3553
1316 / 10016
1468 / 11000
1057 / 7901
1001 / 7702
1775 / 13040
1602 / 12270
777 / 5964
761 / 5838
1520 / 11355
680 / 5315
1607 / 12224
794 / 6112
1682 / 12643
1557 / 11592
1719 / 12827
1242 / 9448
874 / 6473
1757 / 13022
658 / 4975
361 / 2968
1212 / 8794
1383 / 10352
1192 / 9065
576 / 4524
710 / 5504
1058 / 7923
1592 / 11774
1210 / 9544
1102 / 8288
320 / 2578
1178 / 9153
619 / 4993
1355 / 10113
1091 / 8147
1114 / 8584
1305 / 9935
1163 / 8825
674 / 5293
1243 / 9433
1452 / 10960
550 / 4404
317 / 2641
1357 / 10184
1220 / 8956
1525 / 11484
1647 / 12419
1397 / 10323
483 / 3858
1403 / 10517
1705 / 12792
1342 / 9811
758 / 6053
638 / 5056
725 / 5692
798 / 6290
475 / 3810
683 / 5419
1736 / 12816
1357 / 9746
1338 / 10162
384 / 3061
1289 / 9913
1665 / 12558
1296 / 9878
1124 / 8711
1053 / 7859
1774 / 13359
707 / 5562
1334 / 10300
1519 / 11342
661 / 5065
1753 / 13239
695 / 5435
702 / 5425
383 / 3050
540 / 4339
308 / 2525
639 / 4963
312 / 2611
841 / 6432
764 / 5941
1520 / 11311
612 / 4727
383 / 3059
534 / 4300
667 / 5084
713 / 5369
1689 / 12476
1295 / 9948
1343 / 9853
928 / 6993
668 / 5196
1119 / 8381
1247 / 9092
1568 / 12092
1743 / 13176
1601 / 12023
1579 / 11678
359 / 2986
737 / 5781
1718 / 12765
1542 / 11416
1174 / 9057
1766 / 13373
365 / 2931
1437 / 10865
1219 / 9208
751 / 5974
1484 / 10765
1772 / 13113
1711 / 12932
1084 / 8297
1441 / 10895
1581 / 11955
1288 / 9889
621 / 4941
579 / 4545
1254 / 9628
630 / 4799
350 / 2853
637 / 5063
357 / 2900
1686 / 12741
769 / 6209
1416 / 10422
564 / 4441
833 / 6580
609 / 4805
308 / 2525
560 / 4460
628 / 4722
1329 / 10143
1291 / 9745
1393 / 10781
672 / 5225
1793 / 13478
1493 / 11400
491 / 3950
1696 / 12487
1575 / 11694
781 / 6049
1479 / 11002
848 / 6640
711 / 5818
1090 / 8193
1619 / 12171
1524 / 11496
317 / 2637
1609 / 12123
657 / 5124
475 / 3810
1343 / 10171
615 / 4818
396 / 3169
308 / 2525
1540 / 11639
1500 / 11387
1784 / 13470
1095 / 8322
1305 / 9768
1623 / 12211
817 / 6501
814 / 6185
702 / 5397
1345 / 10229
690 / 5428
674 / 5359
1631 / 12339
667 / 5157
1732 / 12905
624 / 4896
671 / 5037
813 / 6468
1222 / 8907
1706 / 12844
845 / 6641
675 / 5371
805 / 6053
796 / 6072
1362 / 10240
589 / 4669
384 / 3045
610 / 4789
1334 / 10090
1360 / 10043
1597 / 12047
1060 / 7996
1823 / 13738
1747 / 13134
1381 / 10393
1443 / 10825
781 / 5986
1681 / 12606
760 / 5980
710 / 5541
1498 / 11165
658 / 5207
1299 / 9468
1729 / 12869
1707 / 12661
1413 / 10301
558 / 4408
1128 / 8764
1308 / 9328
1345 / 10155
374 / 3046
1565 / 11721
1336 / 9704
1270 / 9716
1713 / 12679
329 / 2688
1136 / 8764
346 / 2815
765 / 6117
787 / 6012
672 / 5276
1362 / 10311
617 / 4714
1458 / 10565
1126 / 8769
1314 / 9970
656 / 5203
401 / 3198
1344 / 10148
395 / 3169
1085 / 8037
1400 / 10485
563 / 4441
1351 / 10079
776 / 6203
1299 / 9925
580 / 4608
714 / 5473
750 / 5959
1452 / 10815
1499 / 11097
1387 / 10624
1594 / 11849
903 / 7051
1319 / 10002
669 / 5340
1757 / 13214
1201 / 9024
1094 / 8200
1592 / 11774
778 / 6124
1561 / 11784
1334 / 10114
1382 / 10518
1802 / 13688
1127 / 8739
1330 / 10039
846 / 6622
659 / 5159
1339 / 10325
1231 / 9192
547 / 4293
362 / 2970
1307 / 9617
1263 / 9599
1702 / 12563
1775 / 13361
638 / 4825
747 / 6060
1296 / 9998
1660 / 12529
626 / 4957
1175 / 9085
1345 / 10124
1468 / 10993
1481 / 11021
1545 / 11895
625 / 5058
573 / 4486
1758 / 13241
703 / 5592
1389 / 10612
559 / 4417
1451 / 11098
1468 / 11033
1531 / 11582
316 / 2635
629 / 4792
1677 / 12716
598 / 4875
673 / 5258
1333 / 10069
533 / 4232
1476 / 11051
1447 / 10773
627 / 4792
398 / 3107
1722 / 12817
709 / 5363
11154 / 8525
154 / 8900
691 / 5433
1451 / 10792
558 / 4411
1507 / 11382
1407 / 10567
1354 / 9986
640 / 4858
1381 / 10180
1080 / 8021
1409 / 10579
1553 / 11547
1263 / 9191
706 / 5587
1498 / 11254
1767 / 13053
579 / 4471
589 / 4728
1741 / 12845
1599 / 12073
1632 / 11976
1298 / 9882
385 / 3125
660 / 4968
362 / 2972
713 / 5695
1400 / 10640
1628 / 12001
1762 / 12976
1735 / 13143
1669 / 12491
1257 / 9712
542 / 4338
629 / 4844
1341 / 10308
1350 / 9792
1356 / 10187
1242 / 9433
1381 / 10373
610 / 4833
778 / 5983
972 / 7587
1410 / 10800
794 / 6337
1318 / 10079
571 / 4433
710 / 5554
1274 / 9439
971 / 7354
1783 / 13196
710 / 5707
1650 / 12116
790 / 5988
570 / 4493
1500 / 11342
700 / 5293
615 / 4749
1778 / 13355
387 / 3141
628 / 4913
663 / 5295
1494 / 11086
1370 / 10134
747 / 6059
635 / 4842
1429 / 10631
568 / 4450
1501 / 11176
1585 / 11979
1429 / 10754
494 / 3829
1717 / 12717
850 / 6459
1684 / 12418
1376 / 10486
1199 / 8982
1341 / 10124
1009 / 7821
1359 / 10348
1705 / 12495
684 / 5497
374 / 3055
1308 / 9963
1422 / 10889
1484 / 11295
1738 / 13064
1491 / 11043
489 / 3908
1306 / 9881
1721 / 12838
1469 / 11036
1776 / 13023
1216 / 9495
1135 / 8780
734 / 5500
1207 / 9052
705 / 5503
1333 / 10165
1355 / 10263
395 / 3096
612 / 4742
1762 / 13284
723 / 5610
1242 / 9255
409 / 3228
1209 / 9296
1001 / 7628
693 / 5510
868 / 6404
1238 / 9212
571 / 4429
1162 / 8886
746 / 6043
789 / 6235
826 / 6491
1114 / 8107
395 / 3167
384 / 3054
741 / 5835
1310 / 10087
1564 / 11739
1469 / 11151
386 / 3053
1129 / 8782
1314 / 10047
271 / 2318
666 / 5252
810 / 6137
703 / 5551
1428 / 10670
1212 / 9085
1136 / 8504
1281 / 9866
1348 / 10342
1638 / 12415
1576 / 11618
1288 / 9780
1569 / 12119
705 / 5578
694 / 5281
1571 / 11680
704 / 5408
1485 / 11038
657 / 5201
534 / 4307
1333 / 9757
654 / 5006
736 / 5807
1412 / 10860
686 / 5444
1773 / 13081
675 / 5197
777 / 5972
801 / 6346
1572 / 11762
1139 / 8770
1122 / 8573
1285 / 9783
1209 / 9136
611 / 4671
1765 / 13059
756 / 5833
709 / 5734
1672 / 12757
870 / 6737
1621 / 11959
314 / 2549
1478 / 10673
332 / 2701
630 / 4845
827 / 6541
798 / 6342
1314 / 9656
1224 / 9189
1776 / 13371
1589 / 11897
1774 / 13388
352 / 2930
384 / 3059
1632 / 12496
682 / 5385
1360 / 10409
547 / 4276
397 / 3104
1416 / 10705
1657 / 12473
834 / 6520
1169 / 8577
1213 / 9072
1583 / 11864
1190 / 8883
714 / 5544
889 / 6987
1373 / 10238
1392 / 10403
478 / 3844
1802 / 13684
678 / 5341
668 / 5328
553 / 4418
1699 / 12751
1595 / 12014
1359 / 10180
1444 / 10526
692 / 5461
581 / 4608
666 / 5043
314 / 2549
897 / 7041
383 / 3043
673 / 5214
1477 / 10897
1232 / 9661
767 / 5899
798 / 6079
674 / 5280
1374 / 10417
989 / 7751
620 / 5002
672 / 5260
1284 / 9774
763 / 6094
537 / 4321
1474 / 11351
671 / 5305
1048 / 7858
807 / 6378
1657 / 12500
1637 / 12326
1610 / 12124
634 / 4846
399 / 3119
826 / 6507
1700 / 12698
1323 / 9905
1297 / 9973
599 / 4685
575 / 4575
769 / 6014
819 / 6460
1467 / 10932
313 / 2629
1377 / 10320
1423 / 10894
1078 / 8036
602 / 4596
1257 / 9192
316 / 2636
1554 / 11658
749 / 5942
1445 / 10755
1380 / 10427
1177 / 8914
1374 / 9906
1342 / 9811
697 / 5282
1562 / 11601
713 / 5464
1693 / 12427
1698 / 12509
1513 / 11514
1721 / 12842
1269 / 9715
1566 / 11620
483 / 3855
1333 / 10099
708 / 5513
661 / 5252
1395 / 10580
695 / 5312
547 / 4379
1363 / 10064
699 / 5448
683 / 5192
1357 / 10216
1786 / 13101
1339 / 9754
627 / 4904
1723 / 12930
1734 / 12808
322 / 2660
319 / 2572
631 / 4923
844 / 6488
1069 / 8004
721 / 5809
761 / 6142
842 / 6452
1611 / 12066
1440 / 10837
1217 / 9403
306 / 2500
1300 / 9575
622 / 4770
1340 / 10142
1534 / 11450
833 / 6261
532 / 4226
691 / 5268
1136 / 8764
313 / 2548
1171 / 8655
660 / 5081
581 / 4550
621 / 4799
669 / 5340
1131 / 8528
795 / 6224
1694 / 12723
1340 / 10245
1760 / 13269
533 / 4285
666 / 5197
1681 / 12750
1295 / 9935
661 / 5163
1336 / 10190
610 / 4811
1580 / 11926
667 / 5084
657 / 4976
1293 / 9566
1737 / 12828
1711 / 12689
1329 / 10012
1309 / 9671
1767 / 13047
316 / 2635
410 / 3231
738 / 5964
536 / 4333
1244 / 9654
872 / 6595
1597 / 11951
1496 / 11621
696 / 5292
1594 / 11857
775 / 6105
790 / 6042
1113 / 8675
651 / 4899
693 / 5267
551 / 4335
1283 / 10071
1513 / 11654
820 / 6519
614 / 4834
1461 / 11105
757 / 6138
1336 / 9783
745 / 5941
1505 / 11138
735 / 5801
1800 / 13234
807 / 6112
1197 / 9247
1255 / 9363
543 / 4340
1254 / 9330
732 / 5878
1611 / 12131
671 / 5311
832 / 6484
1329 / 10156
701 / 5276
677 / 5242
389 / 3146
1474 / 10959
1046 / 7978
636 / 4844
1487 / 11003
783 / 5948
1119 / 8659
1018 / 7719
1644 / 12507
1482 / 11017
664 / 5247
625 / 4883
1404 / 10641
1637 / 12477
1804 / 13547
997 / 7583
1744 / 12968
821 / 6452
809 / 6417
1626 / 12247
1296 / 9590
1345 / 9930
1725 / 12630
359 / 2918
1295 / 9935
1468 / 10995
393 / 3082
1234 / 9274
544 / 4277
1357 / 10073
1615 / 12108
618 / 4840
1750 / 13137
693 / 5354
407 / 3175
1550 / 11884
1375 / 10409
1208 / 9376
1095 / 8215
630 / 4812
1566 / 11668
848 / 6411
1330 / 9750
1509 / 11160
894 / 6876
680 / 5395
317 / 2637
1653 / 12257
879 / 6936
1334 / 9956
848 / 6447
1445 / 10774
1008 / 7378
1289 / 9545
678 / 5324
757 / 5968
1299 / 9583
995 / 7807
1361 / 10423
1124 / 8529
1743 / 12915
614 / 4662
750 / 6076
729 / 5529
814 / 6254
1787 / 13235
1564 / 11620
1367 / 10173
688 / 5265
1336 / 10116
1154 / 8916
1473 / 10874
1561 / 11554
1475 / 11145
420 / 3552
364 / 2993
680 / 5315
1427 / 10881
1386 / 10114
664 / 5247
402 / 3213
1545 / 11553
1659 / 12414
313 / 2629
1728 / 12976
633 / 4922
1185 / 9028
1068 / 8150
1693 / 12481
761 / 5929
1723 / 13068
1540 / 11403
394 / 3094
1182 / 8991
1336 / 9769
1744 / 12909
661 / 5063
1432 / 10978
716 / 5644
1620 / 12144
887 / 6977
1306 / 9615
623 / 4784
386 / 3053
1029 / 7755
1354 / 10331
1341 / 9830
1192 / 9111
1051 / 8072
1350 / 10261
583 / 4614
1741 / 13133
784 / 6046
738 / 5775
799 / 6291
700 / 5296
1021 / 7720
1493 / 11068
1241 / 9381
791 / 6280
608 / 4932
1433 / 10626
1381 / 10496
314 / 2549
611 / 4747
1346 / 10373
1417 / 10482
1573 / 11715
1503 / 11473
499 / 3989
1779 / 13148
1754 / 13266
1682 / 12603
746 / 5774
1676 / 12368
1327 / 10080
1330 / 9952
1120 / 8679
1553 / 11710
1275 / 9368
1600 / 12053
553 / 4418
1747 / 12891
321 / 2588
1587 / 12123
471 / 3846
681 / 5229
628 / 5056
1351 / 9895
1343 / 9858
1531 / 11240
1722 / 12794
576 / 4453
1781 / 13017
1707 / 12758
1475 / 10921
574 / 4631
1390 / 10397
1159 / 8798
1188 / 9041
1588 / 12055
761 / 5797
1323 / 10152
682 / 5406
1348 / 10203
807 / 6181
1056 / 7911
1499 / 11164
317 / 2637
308 / 2525
779 / 5983
661 / 5142
1593 / 11820
782 / 6034
1548 / 11657
1259 / 9297
675 / 5289
577 / 4645
1127 / 8605
890 / 6975
265 / 2285
641 / 4880
719 / 5492
1588 / 11954
1128 / 8619
1808 / 13334
666 / 5244
681 / 5220
1354 / 9846
836 / 6598
1210 / 9143
1371 / 10431
1610 / 12103
1797 / 13309
1568 / 11880
1776 / 13034
1298 / 9882
1223 / 9436
316 / 2635
573 / 4416
1011 / 7725
553 / 4422
1342 / 10174
388 / 3138
1748 / 13020
329 / 2616
1770 / 13201
1772 / 13422
1513 / 11425
583 / 4559
1532 / 11574
1740 / 13176
988 / 7746
1271 / 9538
1822 / 13735
1783 / 13348
650 / 4871
682 / 5363
789 / 6013
1237 / 9008
1227 / 9420
1223 / 9191
444 / 3717
326 / 2678
586 / 4565
1202 / 9244
1059 / 8005
709 / 5367
1492 / 11170
616 / 4747
712 / 5404
1769 / 12957
1008 / 7702
354 / 2892
1565 / 11764
1374 / 10311
1654 / 12240
1585 / 11691
750 / 5962
1678 / 12441
1532 / 11615
1173 / 8921
702 / 5481
413 / 3294
1298 / 9730
640 / 4849
1370 / 10052
1444 / 10788
1318 / 9663
359 / 2986
1670 / 12424
674 / 5198
386 / 3064
471 / 3777
1496 / 11111
607 / 4908
1382 / 10504
649 / 4969
1366 / 10362
1324 / 9882
922 / 7190
1475 / 10946
1617 / 12106
1697 / 12560
629 / 5048
956 / 7201
1351 / 10507
781 / 6145
776 / 5965
607 / 4708
1716 / 12652
1415 / 10388
1198 / 9241
1366 / 9760
614 / 4739
611 / 4814
1779 / 13080
1537 / 11575
1079 / 8027
766 / 6027
1028 / 7737
777 / 5903
626 / 4829
1464 / 11116
558 / 4448
1338 / 9791
1445 / 10747
1764 / 12931
661 / 5132
1756 / 13096
662 / 5054
1630 / 12469
745 / 5944
1356 / 10157
1033 / 8135
1360 / 10339
1388 / 10259
585 / 4569
316 / 2636
354 / 2888
1441 / 10724
1301 / 9642
1814 / 13354
364 / 2986
1005 / 7736
1715 / 12898
675 / 5386
1658 / 12460
1330 / 9756
772 / 6138
839 / 6414
856 / 6573
1711 / 12923
776 / 6209
1507 / 11343
1016 / 7450
538 / 4339
802 / 6301
569 / 4499
1627 / 12340
653 / 5192
561 / 4455
1671 / 12470
1734 / 12848
462 / 3740
1277 / 9809
1749 / 13201
1521 / 11424
358 / 2880
1517 / 11256
1556 / 11867
1272 / 9797
1624 / 12010
1335 / 10059
755 / 6010
1266 / 9443
1369 / 10096
1407 / 10537
1783 / 13204
1366 / 10458
1384 / 10028
778 / 6038
1092 / 8562
1739 / 13131
1248 / 9295
611 / 4812
1713 / 12881
1288 / 9771
1203 / 9180
623 / 4874
1538 / 11504
488 / 3957
308 / 2525
1740 / 13159
549 / 4398
668 / 5004
1687 / 12531
818 / 6502
1728 / 13053
364 / 2982
1198 / 9028
361 / 2968
735 / 5565
814 / 6194
778 / 5988
382 / 3037
1344 / 10163
508 / 3973
553 / 4391
789 / 6017
1344 / 9872
1569 / 11995
1603 / 12092
1554 / 11544
1530 / 11554
770 / 5855
716 / 5343
1584 / 11986
678 / 5383
720 / 5468
1469 / 10914
728 / 5694
1586 / 11757
1794 / 13614
1208 / 9143
1748 / 13199
783 / 6075
1534 / 11818
1136 / 8767
1412 / 10570
402 / 3128
1367 / 10272
1399 / 10672
1203 / 9065
550 / 4404
1208 / 9084
1124 / 8567
1469 / 11013
1207 / 9116
373 / 3075
760 / 5794
654 / 5187
1398 / 10315
537 / 4329
386 / 3064
632 / 5054
1310 / 9889
1367 / 10268
1116 / 8364
1193 / 9088
627 / 4786
622 / 5005
1499 / 11325
1112 / 8456
550 / 4414
1375 / 10223
1267 / 9416
846 / 6463
1290 / 9793
1810 / 13578
308 / 2525
1240 / 9280
1678 / 12364
395 / 3167
1055 / 7913
1846 / 13593
1352 / 10198
1386 / 10622
313 / 2547
1095 / 8110
548 / 4366
380 / 3076
1065 / 8005
1748 / 12928
631 / 4808
799 / 6117
1224 / 9493
1089 / 8242
1466 / 10484
1394 / 10166
1698 / 12868
1718 / 12904
1516 / 11324
738 / 5964
1070 / 8277
1615 / 12095
1228 / 9321
1584 / 11638
619 / 4855
1013 / 7582
1269 / 9482
697 / 5451
317 / 2637
1699 / 12651
539 / 4257
1502 / 11175
1798 / 13340
656 / 5041
614 / 4835
764 / 5969
1333 / 9765
684 / 5154
553 / 4376
621 / 4847
712 / 5462
1321 / 10082
1271 / 9422
919 / 7201
308 / 2525
678 / 5302
1289 / 9529
1503 / 11618
450 / 3659
1833 / 13775
308 / 2525
1685 / 12420
672 / 5216
1672 / 12316
956 / 7200
670 / 5328
1302 / 9859
822 / 6445
669 / 5258
1560 / 11700
679 / 5321
1338 / 9915
1386 / 10592
1385 / 10522
888 / 6991
790 / 6281
1439 / 11006
1733 / 12807
329 / 2695
329 / 2694
1298 / 10097
778 / 6002
320 / 2664
1721 / 13112
623 / 4780
1642 / 12515
1238 / 9388
1268 / 9321
358 / 2904
1751 / 13009
1490 / 11231
1344 / 10140
1191 / 8965
1318 / 10134
584 / 4730
1322 / 10077
1296 / 9965
1520 / 11163
770 / 5902
1394 / 10681
1263 / 9510
667 / 5187
1409 / 10521
671 / 5187
728 / 5861
1340 / 10193
1128 / 8618
1301 / 9675
1363 / 10221
741 / 5796
614 / 4842
842 / 6446
1611 / 12208
677 / 5374
616 / 4751
1659 / 12664
1215 / 9152
1338 / 9913
1774 / 13370
1451 / 10902
1351 / 9952
795 / 6224
739 / 5753
690 / 5432
1283 / 9200
425 / 3544
1562 / 11736
1275 / 9492
1218 / 8934
743 / 5679
1376 / 10292
1746 / 12944
1484 / 11382
447 / 3657
819 / 6457
471 / 3774
781 / 5953
363 / 2913
1805 / 13590
1063 / 8216
1333 / 10132
714 / 5619
389 / 3157
1297 / 9973
484 / 3894
1190 / 9002
1504 / 11277
621 / 4857
1368 / 10297
1007 / 7663
1535 / 11449
1667 / 12632
749 / 5957
1508 / 11558
1617 / 12050
1354 / 10325
1521 / 11417
587 / 4680
1321 / 9885
440 / 3674
1243 / 9282
630 / 5081
534 / 4300
1702 / 12791
1357 / 10370
1758 / 13077
1322 / 10012
1443 / 11094
1742 / 12838
1304 / 9948
621 / 4776
767 / 6001
385 / 3058
381 / 3082
1330 / 9927
1306 / 9934
386 / 3064
669 / 5279
1141 / 8801
1046 / 7836
604 / 4681
684 / 5300
1511 / 11355
1384 / 10606
803 / 6371
608 / 4650
666 / 5355
1359 / 10323
1744 / 12843
1375 / 10227
1291 / 9558
619 / 4675
1509 / 11467
672 / 5357
1814 / 13616
1669 / 12622
1109 / 8535
1085 / 8127
1060 / 7938
630 / 4795
637 / 4888
1468 / 10842
531 / 4225
1396 / 10672
1335 / 10090
665 / 5256
1285 / 9852
658 / 5089
1752 / 12918
361 / 2894
644 / 4928
1512 / 11252
1380 / 10500
1812 / 13597
1806 / 13633
711 / 5425
1360 / 10258
562 / 4448
587 / 4686
667 / 5254
1408 / 10832
383 / 3050
409 / 3431
894 / 7045
1151 / 8927
1349 / 10166
623 / 4772
1745 / 12970
1365 / 10132
572 / 4509
618 / 4757
1323 / 9894
1208 / 9087
679 / 5369
1611 / 11968
1407 / 10346
1047 / 7863
708 / 5404
1522 / 11687
630 / 4901
1548 / 11985
1391 / 10246
1486 / 11067
1685 / 12668
1503 / 11470
368 / 3024
1484 / 11212
664 / 5088
625 / 4862
821 / 6375
1386 / 10423
1352 / 10261
1036 / 7808
313 / 2629
1075 / 8363
1300 / 9599
1292 / 9524
622 / 4686
1372 / 10233
1736 / 13079
1341 / 10128
399 / 3102
1631 / 12095
845 / 6641
1730 / 12754
1386 / 10341
1347 / 10202
329 / 2615
1174 / 8628
785 / 5985
783 / 6221
310 / 2541
1378 / 10375
628 / 5047
1515 / 11161
1245 / 9267
586 / 4488
543 / 4338
1360 / 10028
1427 / 10355
1089 / 8096
754 / 6012
788 / 6201
1748 / 12845
1442 / 10757
1606 / 11896
671 / 5262
831 / 6293
265 / 2285
969 / 7332
1433 / 10842
478 / 3814
1536 / 11457
1302 / 9908
546 / 4302
400 / 3148
689 / 5234
1758 / 13108
1515 / 11176
1338 / 9636
1362 / 10181
659 / 5038
619 / 4985
478 / 3798
1593 / 11833
794 / 6112
693 / 5299
1315 / 9964
749 / 5868
483 / 3858
665 / 5249
810 / 6176
1705 / 12772
1404 / 10263
550 / 4404
754 / 5971
1640 / 12171
1757 / 13004
1787 / 13517
1409 / 10823
812 / 6320
797 / 6310
1246 / 9416
1854 / 13939
1519 / 11432
1628 / 12031
1557 / 11953
716 / 5470
595 / 4714
710 / 5453
613 / 4743
723 / 5855
791 / 6028
516 / 4060
612 / 4668
1479 / 11154
1219 / 9341
704 / 5298
1797 / 13569
541 / 4274
545 / 4351
1530 / 11367
1469 / 10956
1538 / 11618
1767 / 13336
800 / 6268
1410 / 10630
691 / 5366
642 / 5170
748 / 5965
802 / 6074
1221 / 9492
366 / 2997
1620 / 11871
589 / 4671
1344 / 10018
793 / 6052
794 / 6064
784 / 6022
386 / 3064
1308 / 10003
675 / 5375
613 / 4745
704 / 5402
614 / 4812
553 / 4418
627 / 4902
1139 / 8790
351 / 2862
1848 / 13801
361 / 2894
1420 / 10661
1161 / 8319
646 / 5078
632 / 4879
1002 / 7694
929 / 7269
1439 / 10943
628 / 4801
775 / 6198
802 / 6079
1484 / 11498
547 / 4354
1615 / 12104
1711 / 12614
704 / 5378
1421 / 10858
1549 / 11645
1485 / 10987
654 / 5194
717 / 5665
1299 / 9639
590 / 4798
1795 / 13328
776 / 5948
662 / 5140
1024 / 7719
1316 / 9783
701 / 5400
1191 / 9087
358 / 2880
607 / 4788
660 / 5108
1307 / 9838
639 / 4814
1449 / 10784
657 / 5237
1562 / 11443
758 / 6098
610 / 4810
659 / 5223
1395 / 10357
1486 / 11011
1706 / 12762
793 / 6027
308 / 2525
1629 / 12088
1379 / 10487
704 / 5298
903 / 7075
1108 / 8447
787 / 6097
1440 / 10850
1446 / 10764
1469 / 11044
693 / 5616
723 / 5758
832 / 6545
1445 / 10814
1225 / 9220
1340 / 10097
1484 / 11050
1615 / 12086
1275 / 9496
765 / 6158
1317 / 9986
1608 / 12097
1081 / 8350
409 / 3431
1272 / 9544
395 / 3160
669 / 5332
1417 / 10472
1800 / 13480
679 / 5282
1590 / 11982
782 / 6009
654 / 5187
1775 / 13424
362 / 2999
1329 / 9876
1054 / 7959
1133 / 8758
793 / 6059
1357 / 10226
632 / 5003
762 / 5893
1179 / 9147
1611 / 11832
1566 / 11786
1207 / 9074
354 / 2888
1610 / 12284
1493 / 11090
1725 / 13115
1414 / 10775
590 / 4598
1386 / 10592
1283 / 9616
798 / 6347
1603 / 12297
1604 / 12106
1756 / 12997
1332 / 9751
1746 / 12974
1567 / 11801
479 / 3822
638 / 5050
1749 / 13225
820 / 6519
382 / 3037
314 / 2549
1446 / 10472
444 / 3712
1542 / 11629
754 / 5788
1535 / 11381
1357 / 10097
1172 / 9210
758 / 5981
838 / 6510
317 / 2637
738 / 5964
662 / 5306
754 / 5936
1468 / 11033
265 / 2285
779 / 6014
1220 / 9365
1303 / 9770
985 / 7695
1320 / 9900
1777 / 13340
1681 / 12402
1422 / 10592
1527 / 11386
1747 / 13174
308 / 2525
1647 / 12265
815 / 6128
1068 / 8218
1715 / 12676
788 / 6341
579 / 4693
1419 / 10980
1777 / 13318
1323 / 10052
641 / 4835
265 / 2285
1614 / 12305
1246 / 9270
784 / 6251
1779 / 13151
1327 / 9797
1299 / 9611
1059 / 7927
1470 / 11262
1118 / 8416
1695 / 12789
1628 / 12239
1496 / 11100
720 / 5499
1699 / 12628
1728 / 13051
698 / 5388
1213 / 9284
1190 / 8961
1415 / 10855
1733 / 13162
1162 / 9084
1302 / 9932
566 / 4468
1844 / 13575
659 / 4974
1790 / 13489
511 / 3999
785 / 6019
1630 / 12164
1348 / 9773
1300 / 9935
540 / 4269
756 / 6000
1526 / 11524
1272 / 9645
1692 / 12423
878 / 6701
1114 / 8380
367 / 3007
698 / 5416
1280 / 9848
715 / 5530
776 / 5960
1562 / 11616
453 / 3677
1348 / 10314
1473 / 10904
332 / 2703
1321 / 10000
628 / 4807
1143 / 8811
1566 / 11698
673 / 5278
1620 / 12147
1597 / 11877
611 / 4729
1784 / 13219
1699 / 12688
1228 / 9140
1362 / 10053
758 / 6010
738 / 5964
870 / 6685
1286 / 9839
1244 / 9236
322 / 2586
1334 / 10325
826 / 6507
1577 / 11635
357 / 2976
1238 / 9406
1233 / 9383
681 / 5411
1249 / 9558
552 / 4392
702 / 5484
1357 / 10059
748 / 5868
1587 / 11877
537 / 4325
1436 / 10833
1298 / 9915
354 / 2888
1709 / 12937
1083 / 8378
319 / 2620
1617 / 12213
763 / 5958
376 / 3026
1057 / 7620
1296 / 9962
1511 / 11190
1589 / 11956
1349 / 10128
1370 / 10492
674 / 5287
1225 / 9256
1360 / 10400
393 / 3149
549 / 4378
1300 / 9591
1741 / 12881
1370 / 10280
594 / 4594
533 / 4246
1450 / 10913
1426 / 10897
1577 / 11940
1433 / 11012
642 / 4891
1327 / 9875
1769 / 13357
818 / 6342
788 / 6000
777 / 5970
592 / 4808
1365 / 10379
1092 / 8289
666 / 5252
1486 / 11017
310 / 2541
552 / 4289
1506 / 11173
1416 / 10655
1065 / 7956
710 / 5436
659 / 5127
1267 / 9613
1362 / 10103
1339 / 10109
1316 / 9759
326 / 2678
614 / 4816
1262 / 9416
787 / 6006
1317 / 9991
612 / 4742
1719 / 13047
1601 / 12120
1406 / 10555
307 / 2519
1766 / 13176
543 / 4265
399 / 3189
308 / 2525
1388 / 10320
1193 / 8705
770 / 5943
1278 / 9502
1426 / 10445
553 / 4418
652 / 5075
511 / 3999
1026 / 7820
1414 / 10528
1533 / 11785
666 / 5244
696 / 5471
775 / 5961
1348 / 10132
360 / 2990
563 / 4470
1136 / 8817
750 / 6064
1423 / 10894
670 / 5193
779 / 5980
1768 / 13032
717 / 5872
1350 / 10096
392 / 3079
1475 / 11004
1506 / 11476
1721 / 12784
1261 / 9601
843 / 6526
1880 / 14070
673 / 5154
672 / 5375
694 / 5278
407 / 3248
1298 / 9949
626 / 5043
700 / 5372
865 / 6570
317 / 2641
791 / 6137
326 / 2676
494 / 3906
317 / 2637
323 / 2666
882 / 6941
1273 / 9282
661 / 5187
1257 / 9178
1730 / 12839
386 / 3053
1710 / 13037
1509 / 11639
1075 / 8225
1183 / 9043
452 / 3675
1326 / 9776
1703 / 12626
1707 / 12811
1652 / 12471
1098 / 8187
1758 / 13084
574 / 4513
1440 / 10598
839 / 6435
564 / 4466
1561 / 11784
614 / 4823
754 / 6039
1415 / 10786
1328 / 10120
394 / 3163
495 / 3915
1085 / 8349
623 / 4771
1384 / 10096
616 / 4836
1394 / 10303
1550 / 11766
1610 / 12352
1323 / 10079
1548 / 11632
550 / 4404
1778 / 13427
1309 / 9648
1355 / 10445
1519 / 11351
1338 / 10152
1109 / 8327
876 / 6492
1277 / 9496
541 / 4254
1110 / 8475
1737 / 12836
1041 / 7815
1574 / 11629
749 / 5839
1543 / 11361
1091 / 8431
1168 / 8611
510 / 3985
392 / 3158
403 / 3215
1594 / 11799
1600 / 11768
5581 / 4705
48 / 4379
1502 / 11167
1305 / 10025
357 / 2980
1601 / 11900
1645 / 12333
564 / 4495
1669 / 12607
1573 / 11889
1331 / 10092
1582 / 11869
550 / 4401
1403 / 10534
467 / 3785
1727 / 13128
1487 / 11202
549 / 4413
1286 / 9285
1118 / 8510
1344 / 10257
853 / 6743
391 / 3157
1458 / 11070
1264 / 9699
553 / 4399
769 / 6021
1289 / 9779
1566 / 11536
1806 / 13582
611 / 4798
672 / 5374
1298 / 9846
383 / 3050
693 / 5327
1788 / 13488
704 / 5397
696 / 5427
824 / 6366
704 / 5406
674 / 5293
680 / 5372
473 / 3875
696 / 5362
1434 / 10838
1767 / 13090
1110 / 8304
1328 / 9913
683 / 5095
1088 / 8146
1333 / 10165
358 / 2880
1538 / 11683
1785 / 13257
678 / 5413
541 / 4261
1768 / 13040
799 / 6222
1295 / 9884
593 / 4733
1274 / 9764
679 / 5219
1385 / 10416
1320 / 9767
1218 / 9155
772 / 6016
1843 / 13440
551 / 4392
1495 / 11105
781 / 6234
1482 / 11105
614 / 4815
1108 / 8459
644 / 4890
785 / 5989
849 / 6466
1463 / 10802
636 / 5005
702 / 5560
328 / 2616
912 / 7192
1631 / 12135
926 / 7174
782 / 5860
1816 / 13375
1571 / 11857
1785 / 13502
838 / 6600
1149 / 8703
1189 / 9183
1363 / 10478
785 / 6174
625 / 4809
796 / 6299
1379 / 10176
1382 / 10568
582 / 4616
1344 / 10107
1079 / 8348
776 / 6062
1383 / 10166
1051 / 7898
314 / 2549
554 / 4390
1318 / 9781
621 / 4854
741 / 5662
1443 / 10791
1246 / 9270
1268 / 9314
317 / 2637
1153 / 8751
680 / 5228
624 / 4822
1402 / 10690
1386 / 10513
837 / 6429
379 / 3059
1087 / 8135
359 / 2882
759 / 5833
1384 / 10643
1727 / 13054
1395 / 10454
613 / 4750
754 / 6079
634 / 4875
1285 / 9875
1597 / 11959
1430 / 10902
1551 / 11585
1787 / 13255
897 / 7027
611 / 4802
1604 / 11796
1741 / 12845
736 / 5536
775 / 5879
1367 / 10093
693 / 5430
1301 / 9910
396 / 3209
1521 / 11589
1099 / 8505
818 / 6342
1488 / 11277
693 / 5529
623 / 4772
808 / 6363
677 / 5500
674 / 5296
1071 / 8411
734 / 5814
1528 / 11486
669 / 5354
1538 / 11544
994 / 7491
327 / 2685
1478 / 11439
1700 / 12506
471 / 3808
1461 / 10869
1368 / 10302
1374 / 10268
1626 / 12224
708 / 5420
1364 / 10060
1544 / 11595
1539 / 11651
599 / 4631
785 / 6292
794 / 6277
1545 / 11374
365 / 2986
589 / 4735
1112 / 8310
1691 / 12889
684 / 5401
697 / 5253
1646 / 12395
325 / 2675
775 / 5948
1682 / 12749
308 / 2525
500 / 3932
1789 / 13174
1656 / 12472
1290 / 9865
1727 / 12781
665 / 5171
315 / 2563
1219 / 9199
1751 / 13254
1317 / 10000
1712 / 12670
492 / 3885
1386 / 10424
1300 / 9655
1782 / 13530
678 / 5300
394 / 3163
1459 / 10559
729 / 5788
540 / 4331
1238 / 9251
310 / 2541
1778 / 13208
1132 / 8755
614 / 4816
1125 / 8426
1737 / 12830
1351 / 10209
1108 / 8699
671 / 5213
682 / 5163
603 / 4861
1552 / 11577
1753 / 13232
1746 / 12968
998 / 7797
1196 / 9052
837 / 6358
1045 / 7836
853 / 6622
1194 / 9014
1290 / 9560
319 / 2653
1446 / 10790
1515 / 11428
791 / 6276
831 / 6531
1507 / 11215
1073 / 8025
782 / 5979
642 / 4979
553 / 4418
750 / 5574
1499 / 11150
680 / 5330
815 / 6064
647 / 4894
1652 / 12447
1451 / 10814
577 / 4605
1705 / 12928
857 / 6507
400 / 3229
1427 / 10716
1334 / 9962
701 / 5562
718 / 5476
1286 / 9808
1324 / 10067
1233 / 9013
532 / 4311
1801 / 13291
617 / 4819
655 / 5170
666 / 5252
265 / 2285
1446 / 10926
1378 / 10352
1491 / 11149
670 / 5097
900 / 6955
311 / 2617
1460 / 11205
1544 / 11512
1320 / 10007
784 / 6007
1771 / 13273
311 / 2613
657 / 5205
1623 / 12146
625 / 4906
1230 / 9504
712 / 5628
1627 / 12316
767 / 6060
1351 / 10200
1557 / 11897
317 / 2637
1028 / 7848
959 / 7574
1488 / 11016
1532 / 11515
1323 / 10125
1213 / 9074
994 / 7610
1190 / 8993
779 / 5995
1589 / 11683
659 / 5300
799 / 6115
1489 / 11187
741 / 5690
1705 / 12829
1549 / 11563
1605 / 12090
1317 / 9836
1184 / 8992
639 / 4908
727 / 5549
773 / 6106
642 / 5129
1479 / 10998
1313 / 9996
1431 / 10709
609 / 4629
630 / 5000
610 / 4789
882 / 6939
643 / 5145
1599 / 12055
682 / 5388
1456 / 11108
1418 / 10968
574 / 4524
1664 / 12368
1062 / 8374
1525 / 11727
1271 / 9438
1237 / 9216
1407 / 10519
1459 / 10863
817 / 6502
1259 / 9252
589 / 4626
440 / 3680
1689 / 12525
1418 / 10463
995 / 7313
1302 / 10034
1766 / 13097
369 / 2985
825 / 6258
797 / 6326
273 / 2327
859 / 6516
308 / 2525
671 / 5042
679 / 5321
799 / 6088
693 / 5430
1788 / 13135
1767 / 13299
1446 / 10926
1503 / 11510
1789 / 13464
1278 / 9555
678 / 5423
1503 / 11502
1749 / 12933
1071 / 7766
660 / 5172
1687 / 12768
680 / 5399
1513 / 11146
607 / 4656
1340 / 10138
312 / 2611
664 / 5308
1406 / 10565
311 / 2613
1445 / 10717
425 / 3547
947 / 7355
1451 / 10775
1409 / 10538
468 / 3735
710 / 5452
1810 / 13433
661 / 5063
1735 / 13007
1525 / 11461
1701 / 12808
1296 / 9928
706 / 5500
265 / 2285
1544 / 11734
1425 / 10766
1748 / 12923
779 / 5911
413 / 3423
1281 / 9653
587 / 4721
1181 / 8931
1457 / 11111
617 / 4759
1284 / 9494
1297 / 9917
1579 / 11570
1177 / 9103
1416 / 10570
1777 / 13162
1499 / 11143
1399 / 10673
1294 / 9534
1494 / 11359
663 / 5153
1547 / 11364
1791 / 13237
1419 / 10869
631 / 4795
670 / 5272
1299 / 9656
1127 / 8412
780 / 5980
766 / 5897
491 / 3900
311 / 2613
1346 / 10174
1826 / 13498
1200 / 9110
1281 / 9589
1334 / 10075
746 / 5752
546 / 4341
1809 / 13506
1590 / 11967
1188 / 8970
1505 / 11179
1151 / 8708
746 / 5776
1753 / 13027
1299 / 9696
1829 / 13691
1571 / 11905
653 / 5268
1409 / 10728
1476 / 11067
1672 / 12217
470 / 3769
1769 / 13291
1171 / 8881
800 / 6315
627 / 4823
1284 / 9630
1773 / 13431
624 / 4883
627 / 4949
1683 / 12723
1368 / 10214
1478 / 11304
1418 / 10864
1356 / 10147
1558 / 11649
1795 / 13465
408 / 3254
796 / 6413
1250 / 9369
725 / 5522
713 / 5558
1550 / 11544
1578 / 11767
1049 / 8061
677 / 5321
1103 / 8287
1410 / 10531
1049 / 7999
1573 / 11675
1306 / 9563
1689 / 12693
1146 / 8912
1314 / 9982
554 / 4434
1637 / 12214
1643 / 12490
1709 / 12941
1476 / 10925
1323 / 10031
1352 / 9949
308 / 2525
790 / 6291
588 / 4739
265 / 2285
1752 / 13153
895 / 6899
1193 / 9042
790 / 6289
402 / 3198
829 / 6321
384 / 3088
308 / 2529
1316 / 10009
640 / 5111
1335 / 10120
1522 / 11380
824 / 6454
1683 / 12629
676 / 5302
1403 / 10333
723 / 5425
680 / 5345
742 / 5682
1561 / 11790
693 / 5431
1543 / 11705
731 / 5886
1557 / 11714
541 / 4261
1538 / 11656
838 / 6615
596 / 4598
1759 / 13290
386 / 3067
553 / 4388
1505 / 11445
680 / 5310
617 / 4767
875 / 6748
1502 / 11410
1575 / 11673
666 / 5252
1314 / 10023
1511 / 11370
1637 / 12263
663 / 5153
1397 / 10242
1710 / 12582
771 / 6111
1511 / 11553
1479 / 11215
884 / 6806
1447 / 10916
1201 / 9028
308 / 2525
1339 / 10208
1448 / 10840
1468 / 10914
673 / 5344
1786 / 13158
783 / 6003
1325 / 9850
1318 / 10010
1476 / 11079
1423 / 10858
787 / 6183
1351 / 9946
496 / 3933
1295 / 9610
1085 / 7858
854 / 6627
1202 / 9045
674 / 5286
373 / 2999
1434 / 10807
555 / 4358
308 / 2525
1220 / 8899
792 / 6228
1704 / 12660
1493 / 11017
717 / 5464
354 / 2888
628 / 4997
1120 / 8528
548 / 4377
766 / 6060
1279 / 9857
399 / 3193
1312 / 9975
1828 / 13820
1357 / 10244
1699 / 12671
1578 / 11921
1428 / 10916
627 / 5003
1118 / 8755
1703 / 12785
918 / 6943
1483 / 10914
1416 / 10460
320 / 2652
1766 / 13387
793 / 6211
696 / 5464
1325 / 10183
1525 / 11668
1755 / 13081
782 / 6127
1749 / 13113
643 / 5039
1709 / 12887
1392 / 10415
855 / 6563
1346 / 9819
584 / 4723
1426 / 10781
1654 / 12430
588 / 4734
1462 / 11089
1803 / 13267
1388 / 10331
1504 / 11225
697 / 5273
1761 / 13316
1374 / 10289
750 / 5933
1066 / 8244
1580 / 11678
1231 / 9372
740 / 5916
1483 / 11049
1536 / 11612
695 / 5310
1214 / 9183
1183 / 8934
771 / 5946
1356 / 10021
1574 / 11836
1515 / 11180
1781 / 13060
549 / 4399
621 / 4942
1605 / 12156
594 / 4760
685 / 5477
1379 / 10570
599 / 4532
454 / 3705
770 / 5971
760 / 5884
1680 / 12632
416 / 3444
1787 / 13378
663 / 5232
759 / 6089
1589 / 11913
788 / 6047
759 / 5803
549 / 4440
1503 / 11264
1492 / 11048
626 / 4984
592 / 4782
1798 / 13338
1627 / 11924
807 / 6085
1559 / 11769
403 / 3207
1046 / 7924
751 / 6064
1380 / 10155
1695 / 12712
791 / 6272
548 / 4358
1308 / 9328
1031 / 7776
697 / 5282
776 / 5958
713 / 5601
1484 / 10947
720 / 5855
590 / 4764
725 / 5875
1749 / 12845
1201 / 9028
1597 / 11988
1747 / 13160
486 / 3849
1465 / 11296
1352 / 10082
903 / 7054
678 / 5415
614 / 4812
434 / 3382
1665 / 12635
1377 / 10361
1757 / 12870
1622 / 12285
541 / 4258
679 / 5346
1576 / 11870
1377 / 10524
311 / 2613
633 / 4854
540 / 4333
967 / 7336
1188 / 8872
1742 / 12855
265 / 2285
1331 / 10080
773 / 6025
1695 / 12491
1448 / 10786
654 / 5187
575 / 4586
1300 / 9666
662 / 5190
785 / 6041
1563 / 11612
1571 / 11904
657 / 4915
329 / 2693
540 / 4256
1786 / 13523
363 / 3000
666 / 5308
1402 / 10466
1447 / 10592
710 / 5601
1125 / 8381
981 / 7556
796 / 6327
631 / 4839
616 / 4813
1321 / 10066
456 / 3704
693 / 5467
914 / 6845
549 / 4393
473 / 3791
753 / 5681
1555 / 11902
1591 / 11969
543 / 4278
1547 / 11537
994 / 7477
1281 / 9284
1345 / 9966
549 / 4411
322 / 2659
1271 / 9547
628 / 5070
1221 / 9270
1553 / 11697
803 / 6070
1698 / 12549
1795 / 13300
374 / 3084
629 / 4810
1374 / 10253
1364 / 10296
1202 / 9046
651 / 4903
1347 / 10034
1297 / 9393
801 / 6441
862 / 6521
1756 / 13040
1887 / 14092
996 / 7323
1374 / 10311
398 / 3184
397 / 3187
1388 / 10288
683 / 5450
1533 / 11785
1724 / 12947
1589 / 12040
1760 / 12989
1257 / 9058
1651 / 12403
1008 / 7377
1208 / 9129
656 / 5203
671 / 5276
1377 / 10316
518 / 4099
1604 / 11921
1768 / 13330
1095 / 8251
1468 / 10856
542 / 4264
1451 / 10836
1575 / 11794
1477 / 11146
1248 / 9524
1337 / 10201
748 / 5741
1310 / 9986
1138 / 8777
901 / 7037
1592 / 12041
768 / 5913
822 / 6443
1374 / 10447
580 / 4635
310 / 2541
1142 / 8696
1271 / 9159
1078 / 8062
1702 / 12775
1596 / 11885
1428 / 10711
1401 / 10528
641 / 4821
317 / 2637
641 / 4987
1530 / 11538
623 / 4866
574 / 4541
1041 / 8182
763 / 6047
307 / 2519
613 / 4837
1010 / 7711
1327 / 9933
1348 / 10227
1709 / 12878
666 / 5344
1256 / 9482
1318 / 10070
789 / 6180
648 / 5161
725 / 5846
550 / 4404
1317 / 9689
1524 / 11645
1595 / 11861
1191 / 9090
1206 / 9198
793 / 6157
1393 / 10703
1413 / 10650
1710 / 12878
1448 / 10731
1733 / 13115
781 / 5991
1413 / 10886
1332 / 10086
1582 / 11817
631 / 4745
1783 / 13148
1331 / 10081
1508 / 11461
1303 / 9774
611 / 4746
748 / 5836
1460 / 11338
1177 / 9013
841 / 6461
1749 / 13011
1728 / 13022
1563 / 11599
1234 / 9308
314 / 2549
1369 / 10071
1432 / 10907
1637 / 11980
1538 / 11613
629 / 5053
591 / 4592
1290 / 9515
908 / 6871
697 / 5484
1505 / 11128
1179 / 8948
1136 / 8864
638 / 5110
366 / 2943
1325 / 9956
308 / 2525
668 / 5026
1755 / 13034
1329 / 9859
677 / 5230
1740 / 13229
616 / 4835
1817 / 13655
1124 / 8349
1767 / 13043
1443 / 10959
1347 / 10361
555 / 4428
1333 / 10241
308 / 2529
1566 / 11661
422 / 3536
313 / 2629
1207 / 9033
636 / 5046
647 / 4900
654 / 5194
1736 / 13089
691 / 5318
747 / 6055
615 / 4841
690 / 5313
1796 / 13498
314 / 2549
1247 / 9406
1805 / 13643
846 / 6457
1196 / 8769
1780 / 13204
630 / 4858
1579 / 12027
1344 / 10204
1764 / 13317
543 / 4341
1183 / 9156
728 / 5876
1178 / 8912
648 / 5268
1285 / 9526
492 / 3885
417 / 3270
1487 / 11397
676 / 5412
1746 / 12861
915 / 7125
793 / 6145
666 / 5329
1643 / 12286
1722 / 12904
532 / 4232
550 / 4303
538 / 4265
791 / 6282
473 / 3832
313 / 2629
334 / 2712
1765 / 13202
1479 / 11058
1425 / 10417
1286 / 9872
877 / 6695
1136 / 8764
384 / 3048
1567 / 11675
1679 / 12515
850 / 6718
1623 / 12289
687 / 5349
1049 / 7843
841 / 6423
622 / 4797
1617 / 12364
1077 / 8030
1333 / 10209
560 / 4373
623 / 4778
1461 / 11119
629 / 4842
1216 / 9331
1814 / 13409
307 / 2519
1332 / 10075
660 / 5298
675 / 5288
1303 / 9874
1382 / 10146
570 / 4493
1114 / 8399
659 / 5133
1042 / 7877
1596 / 12027
1581 / 11697
1293 / 9632
791 / 6357
1575 / 11852
1052 / 7903
265 / 2217
1722 / 12718
788 / 5995
497 / 3917
549 / 4399
1317 / 9839
393 / 3160
1201 / 8919
1584 / 11658
1443 / 10979
1477 / 11014
669 / 5086
483 / 3858
273 / 2327
400 / 3222
891 / 7012
1783 / 13479
1210 / 9093
1371 / 10264
1773 / 13226
665 / 5092
1348 / 10141
685 / 5429
1230 / 8955
623 / 4868
1137 / 8779
1121 / 8432
1512 / 11346
1071 / 7779
891 / 6981
613 / 4733
1368 / 10379
1553 / 11701
1352 / 10357
993 / 7594
1342 / 10167
899 / 7044
1169 / 8962
1327 / 10107
1264 / 9702
679 / 5321
1571 / 12062
1737 / 13102
1767 / 13350
1237 / 9338
697 / 5466
735 / 5951
1286 / 9507
1601 / 12067
1262 / 9451
655 / 5189
597 / 4772
680 / 5413
1538 / 11540
1049 / 7880
1477 / 11213
1180 / 8625
735 / 5838
678 / 5430
610 / 4732
866 / 6565
1359 / 10110
1493 / 11243
1309 / 10034
717 / 5480
853 / 6470
672 / 5283
719 / 5505
1414 / 10811
383 / 3050
1353 / 9805
679 / 5403
1179 / 9147
395 / 3096
846 / 6454
616 / 4816
1279 / 9772
662 / 5167
553 / 4416
1543 / 11250
647 / 4876
1305 / 9665
704 / 5310
1425 / 10613
478 / 3825
855 / 6758
800 / 6276
786 / 6006
1339 / 9832
727 / 5646
599 / 4879
669 / 5243
1748 / 13229
812 / 6320
778 / 5975
533 / 4297
1624 / 11893
1042 / 7992
1537 / 11679
671 / 5159
788 / 6099
1246 / 9368
798 / 6347
861 / 6593
1514 / 11238
1186 / 9017
1377 / 10154
714 / 5627
626 / 4809
652 / 5032
357 / 2974
666 / 5016
1188 / 8947
787 / 6032
1370 / 10293
1465 / 11106
1186 / 9296
1619 / 12254
1170 / 8593
1745 / 13212
1514 / 11357
713 / 5564
794 / 6040
662 / 5059
678 / 5406
1356 / 10304
573 / 4504
323 / 2590
1515 / 11308
881 / 6935
750 / 6073
1332 / 9684
637 / 5076
636 / 4959
368 / 3022
1475 / 10951
623 / 4783
1361 / 10271
688 / 5206
383 / 3048
660 / 5282
545 / 4383
628 / 4858
1742 / 12891
1532 / 11594
617 / 4754
898 / 7025
1318 / 10005
1417 / 10596
1512 / 11577
887 / 6820
1754 / 13217
1415 / 10576
271 / 2318
1554 / 11689
1520 / 11519
1267 / 9511
712 / 5621
720 / 5506
822 / 6445
1576 / 11682
406 / 3141
1007 / 7647
768 / 5789
1102 / 8281
659 / 5291
1591 / 11964
1630 / 12097
1739 / 13196
662 / 5063
688 / 5328
1392 / 10730
1340 / 10225
357 / 2902
1714 / 12610
1112 / 8313
1537 / 11482
662 / 5036
538 / 4321
711 / 5615
1738 / 13102
494 / 3985
725 / 5816
1778 / 13194
690 / 5236
1067 / 8218
467 / 3830
791 / 6020
1379 / 10420
1319 / 10103
708 / 5561
1327 / 9774
1729 / 12742
716 / 5465
706 / 5709
1142 / 8830
1420 / 10495
1415 / 10313
1293 / 9588
1308 / 9972
749 / 5862
814 / 6115
1756 / 13082
777 / 6098
1415 / 10828
1263 / 9620
314 / 2549
1421 / 10864
425 / 3547
810 / 6102
555 / 4434
383 / 3039
1480 / 10670
1795 / 13376
661 / 5302
1784 / 13402
1070 / 8042
1426 / 10524
1139 / 8447
410 / 3235
1268 / 9729
1743 / 12966
714 / 5397
539 / 4317
1505 / 11155
1435 / 10659
583 / 4669
547 / 4273
624 / 4782
1651 / 12353
1185 / 8855
1020 / 7880
1226 / 9309
1607 / 12218
623 / 5032
1346 / 10208
898 / 6822
1591 / 11938
540 / 4249
368 / 2990
628 / 4837
1616 / 11863
1367 / 10159
1287 / 9554
1342 / 10209
1493 / 11451
663 / 5306
1506 / 10997
409 / 3431
383 / 3120
1600 / 12021
1271 / 9543
1043 / 7932
1069 / 8275
264 / 2275
1335 / 10128
629 / 5064
604 / 4629
1190 / 9252
663 / 5295
468 / 3844
1525 / 11150
1633 / 12137
1344 / 9952
1377 / 10447
1502 / 11286
1473 / 11072
677 / 5367
1516 / 11659
328 / 2688
466 / 3821
788 / 6032
777 / 6231
1355 / 10120
626 / 5025
1446 / 10747
909 / 7058
1644 / 12231
1070 / 8038
1638 / 12394
1487 / 11071
1606 / 12028
1222 / 9223
1520 / 11396
1293 / 9929
659 / 5287
1211 / 9085
1711 / 12872
1568 / 11593
856 / 6497
1403 / 10540
765 / 6089
316 / 2565
674 / 5170
622 / 4779
1478 / 11313
560 / 4358
675 / 5304
882 / 6517
1184 / 9199
1489 / 11164
692 / 5326
1509 / 11540
1187 / 9210
1365 / 10189
666 / 5244
493 / 3894
1082 / 8054
1772 / 13255
782 / 6193
1364 / 10285
826 / 6250
787 / 6002
1370 / 10086
1424 / 10632
1300 / 9749
1287 / 9765
781 / 5963
1752 / 13275
1333 / 10144
1313 / 9673
1713 / 12863
1049 / 7961
308 / 2525
790 / 6284
1592 / 11958
1212 / 9144
1002 / 7654
1171 / 8645
1501 / 11062
1374 / 10319
412 / 3243
618 / 4929
765 / 6158
1747 / 12994
1269 / 9474
1409 / 10511
1036 / 7866
1796 / 13512
1500 / 11264
1282 / 9697
433 / 3579
776 / 5963
1626 / 11926
1257 / 9663
1082 / 8130
703 / 5298
1420 / 10434
661 / 5183
1415 / 10839
1218 / 9219
720 / 5492
1455 / 10967
1022 / 7752
677 / 5196
1460 / 10956
1026 / 7813
535 / 4235
386 / 3064
1326 / 10252
548 / 4405
1384 / 10323
1366 / 10315
549 / 4388
317 / 2641
1445 / 10924
634 / 4851
1115 / 8409
1484 / 11450
759 / 6029
626 / 4800
1518 / 11444
357 / 2976
1287 / 9897
1069 / 7982
1138 / 8904
1601 / 12073
553 / 4430
1797 / 13474
401 / 3189
1362 / 10364
1763 / 13224
701 / 5486
311 / 2617
1251 / 9320
747 / 5636
395 / 3169
584 / 4659
1493 / 11082
1405 / 10665
319 / 2653
573 / 4596
1617 / 12170
1610 / 12088
1277 / 9982
1727 / 13037
570 / 4441
1774 / 13295
1492 / 11143
1600 / 11813
1445 / 10796
1669 / 12703
1121 / 8655
1611 / 11962
1128 / 8622
1428 / 10512
1828 / 13799
1727 / 13085
1652 / 12302
472 / 3805
372 / 2947
1183 / 8717
1501 / 11253
615 / 4834
778 / 6002
1101 / 8519
1767 / 13120
322 / 2589
626 / 4908
1210 / 9367
671 / 5331
585 / 4740
1034 / 7766
1482 / 10966
1693 / 12692
608 / 4698
1579 / 11874
541 / 4262
1323 / 10067
1721 / 12873
1713 / 12841
1594 / 11782
675 / 5310
307 / 2519
699 / 5467
515 / 4020
609 / 4782
1323 / 9852
1131 / 8630
679 / 5396
1044 / 8036
391 / 3064
1671 / 12611
369 / 3020
776 / 6057
1762 / 12968
326 / 2680
670 / 5349
783 / 5991
783 / 6149
1466 / 10860
535 / 4246
762 / 5899
1344 / 10266
742 / 5728
1703 / 12769
552 / 4412
1599 / 12116
1767 / 13229
618 / 4859
1774 / 13167
1319 / 10083
674 / 5427
665 / 5244
1319 / 9787
776 / 6162
791 / 6037
1369 / 10215
1072 / 8309
1124 / 8926
754 / 5920
1277 / 9810
1342 / 9811
807 / 6172
1308 / 9856
1460 / 10858
308 / 2525
881 / 6951
621 / 4941
611 / 4727
1748 / 12783
859 / 6527
628 / 4808
1308 / 9672
1073 / 8045
891 / 6854
1306 / 10097
550 / 4411
692 / 5379
712 / 5440
1408 / 10648
633 / 4826
840 / 6439
1443 / 10735
772 / 6195
1313 / 9878
1201 / 9043
779 / 5951
1201 / 9024
1180 / 9058
1104 / 8286
651 / 5048
670 / 5235
814 / 6398
1318 / 10052
1482 / 11010
678 / 5331
1463 / 11115
813 / 6187
1359 / 10099
1716 / 12968
892 / 6996
1543 / 11309
734 / 5480
619 / 4842
667 / 5183
668 / 5299
874 / 6645
1629 / 11855
1204 / 9078
584 / 4678
861 / 6426
678 / 5155
663 / 5245
375 / 3054
400 / 3222
358 / 2880
1276 / 9769
1342 / 9811
679 / 5378
1324 / 10057
1441 / 10737
1171 / 8878
1073 / 8058
541 / 4255
1615 / 11835
1357 / 10387
796 / 6269
748 / 6015
1274 / 9701
1169 / 8905
623 / 4797
784 / 6050
1462 / 10757
660 / 5122
1275 / 9957
1893 / 14095
685 / 5301
1583 / 11927
1226 / 9514
691 / 5374
1615 / 12038
453 / 3693
381 / 3003
400 / 3229
332 / 2703
629 / 4917
784 / 6015
751 / 6054
1427 / 10881
862 / 6803
745 / 5792
1421 / 10628
772 / 5962
632 / 4844
1528 / 11415
713 / 5390
777 / 6116
1448 / 10937
539 / 4266
1516 / 11660
1702 / 12603
714 / 5614
613 / 4755
1521 / 11305
308 / 2525
1485 / 11202
1330 / 9777
1444 / 10751
705 / 5501
475 / 3831
1097 / 8252
773 / 5939
1496 / 11306
1476 / 11288
1346 / 10307
1163 / 8917
577 / 4638
1207 / 9085
703 / 5283
671 / 5275
997 / 7639
671 / 5363
1299 / 9678
1567 / 11846
1431 / 10415
1785 / 13459
665 / 5251
323 / 2590
540 / 4271
1606 / 12200
1707 / 12677
799 / 6185
712 / 5617
554 / 4354
1803 / 13364
1163 / 8909
629 / 5044
1294 / 9874
1469 / 11169
1277 / 9576
1389 / 10348
1772 / 13052
1052 / 8097
1214 / 9183
635 / 4838
1433 / 10780
608 / 4731
751 / 5883
1339 / 10146
1163 / 9011
1232 / 9264
1140 / 8793
1128 / 8764
1316 / 10084
775 / 5950
1735 / 12820
675 / 5170
317 / 2637
777 / 5992
1315 / 9848
1149 / 8957
736 / 5893
1226 / 9187
1732 / 13044
1181 / 8943
1606 / 12038
1525 / 11727
860 / 6727
1451 / 10925
1576 / 11710
410 / 3199
1415 / 10588
667 / 5254
1765 / 12979
778 / 5979
487 / 3951
576 / 4515
731 / 5569
1394 / 10329
850 / 6552
1107 / 8544
542 / 4259
550 / 4214
735 / 5602
1806 / 13487
554 / 4436
559 / 4463
552 / 4427
778 / 5985
679 / 5406
1444 / 10765
812 / 6316
859 / 6623
1509 / 11238
611 / 4814
1111 / 8390
780 / 6078
1729 / 12869
1410 / 10684
1152 / 8956
807 / 6320
629 / 4817
778 / 5979
819 / 6495
1365 / 10357
1237 / 9346
1570 / 11759
1240 / 9282
1766 / 13024
1742 / 12962
1587 / 12072
1331 / 9802
410 / 3233
1491 / 10933
715 / 5560
1280 / 9967
1307 / 9993
1753 / 12882
323 / 2666
1389 / 10378
1774 / 13395
395 / 3107
1333 / 10121
1194 / 9018
1087 / 8115
1063 / 8192
646 / 4883
1760 / 13255
612 / 4922
1617 / 12198
1230 / 9125
451 / 3698
996 / 7316
1619 / 12199
1500 / 11285
1236 / 9354
1220 / 9232
655 / 5015
583 / 4557
1603 / 12006
1589 / 12048
1315 / 9554
1405 / 10657
1464 / 10925
1218 / 9243
1555 / 11720
664 / 5303
870 / 6609
1484 / 11431
1715 / 12727
779 / 5971
1738 / 12812
1272 / 9826
996 / 7314
674 / 5285
1363 / 10123
1659 / 12404
1672 / 12679
777 / 5977
1321 / 9873
749 / 5811
1424 / 10669
1572 / 11783
1822 / 13446
1108 / 8221
1432 / 10515
716 / 5501
796 / 6083
322 / 2660
1728 / 12923
1330 / 10245
317 / 2641
1572 / 11883
698 / 5473
1324 / 9913
1345 / 9737
1169 / 8826
1280 / 9806
308 / 2525
1710 / 12694
1694 / 12779
1534 / 11763
1556 / 11716
1405 / 10102
476 / 3812
317 / 2637
1521 / 11403
1180 / 9104
1397 / 10425
1679 / 12690
1512 / 11501
1524 / 11604
612 / 4753
954 / 7256
548 / 4355
1305 / 9982
1703 / 12927
383 / 3046
620 / 4849
639 / 4843
1102 / 8287
363 / 2922
355 / 2936
1176 / 8956
994 / 7617
1384 / 10332
550 / 4404
663 / 5225
741 / 5944
1432 / 10820
1431 / 10607
1399 / 10223
1372 / 10095
1171 / 9052
310 / 2541
1266 / 9657
1146 / 8928
394 / 3094
1493 / 11440
651 / 5048
1437 / 10847
1835 / 13858
821 / 6457
1299 / 9779
1327 / 9885
1498 / 11324
1746 / 12911
907 / 6918
1354 / 10287
1283 / 9851
585 / 4666
1615 / 12196
1353 / 10273
1695 / 12714
661 / 5098
978 / 7248
1322 / 10004
1047 / 7853
818 / 6501
727 / 5669
1393 / 10353
551 / 4303
782 / 5997
973 / 7640
550 / 4407
1491 / 11347
623 / 4819
799 / 6159
781 / 6002
1400 / 10667
732 / 5902
765 / 5865
1071 / 8013
1463 / 10815
784 / 6020
1711 / 12665
719 / 5459
1303 / 9715
1494 / 11387
1382 / 10486
559 / 4449
623 / 5044
1432 / 10564
1439 / 10528
1177 / 8594
1659 / 12569
661 / 5230
708 / 5601
666 / 5308
1606 / 12218
1130 / 8530
738 / 5807
666 / 5325
1778 / 13658
471 / 3774
1255 / 9541
561 / 4469
654 / 5068
648 / 5013
579 / 4543
1348 / 10301
878 / 6930
1670 / 12245
1040 / 7848
329 / 2615
1455 / 11227
1718 / 12932
1774 / 13181
1206 / 9053
1212 / 9199
317 / 2637
1562 / 11728
1284 / 9538
483 / 3863
1437 / 10874
1166 / 8780
1386 / 10208
825 / 6276
1319 / 9844
452 / 3621
779 / 5987
1623 / 12165
710 / 5597
313 / 2629
1433 / 11141
707 / 5427
308 / 2525
592 / 4664
694 / 5504
843 / 6473
1290 / 9788
776 / 5879
750 / 6091
1149 / 8464
1596 / 12031
1305 / 9899
631 / 5036
836 / 6574
555 / 4391
311 / 2613
1287 / 9518
1709 / 12618
384 / 3048
1717 / 12536
674 / 5352
1088 / 8116
638 / 4917
705 / 5590
1405 / 10582
1331 / 9927
1371 / 10192
661 / 5309
362 / 2906
829 / 6292
1213 / 9069
322 / 2587
1475 / 10971
704 / 5674
1395 / 10453
665 / 5078
678 / 5048
1394 / 10298
1350 / 10184
1180 / 9012
1787 / 13384
680 / 5394
307 / 2519
555 / 4399
1096 / 8425
1343 / 10231
1112 / 8592
773 / 6060
1259 / 9412
308 / 2525
669 / 5119
1458 / 11113
329 / 2693
1571 / 11860
1534 / 11327
1327 / 9903
1644 / 12263
763 / 6051
1370 / 10381
765 / 5948
781 / 6148
502 / 3968
1538 / 11654
1367 / 10521
1623 / 12033
1717 / 12717
615 / 4744
1730 / 13051
1301 / 9934
618 / 4766
1481 / 11235
559 / 4415
1775 / 13343
596 / 4777
1600 / 12057
1469 / 11035
1844 / 13588
1289 / 9565
773 / 5938
1809 / 13297
735 / 5732
402 / 3200
1273 / 9409
1789 / 13213
472 / 3859
679 / 5419
814 / 6193
704 / 5414
1336 / 9867
1640 / 12266
1435 / 10683
1685 / 12563
537 / 4205
1768 / 13300
615 / 4846
1366 / 10066
1245 / 9479
1325 / 9856
1168 / 8611
1492 / 11091
627 / 5003
620 / 4771
1774 / 13066
1309 / 9954
705 / 5338
363 / 3000
703 / 5556
1367 / 10402
1518 / 11259
1810 / 13293
564 / 4489
664 / 5000
1360 / 10124
1267 / 9475
1157 / 8982
313 / 2543
1575 / 11891
1534 / 11611
1294 / 9849
1702 / 12603
1353 / 9805
631 / 4856
1637 / 12294
704 / 5498
1785 / 13088
541 / 4329
1212 / 9119
357 / 2902
1290 / 9775
621 / 4769
1266 / 9773
741 / 5958
663 / 5165
790 / 6142
1801 / 13599
604 / 4795
636 / 4965
686 / 5272
639 / 5007
722 / 5527
1318 / 9896
1395 / 10125
1016 / 7703
1478 / 11083
1217 / 9379
1667 / 12481
1735 / 12820
1196 / 9016
633 / 5034
736 / 5906
383 / 3050
655 / 4970
581 / 4607
587 / 4665
621 / 4941
1269 / 9676
394 / 3165
668 / 5248
1009 / 7992
1721 / 12885
645 / 5034
648 / 5023
716 / 5450
720 / 5508
1494 / 11334
1646 / 12559
1580 / 11948
1114 / 8306
1414 / 10772
1624 / 12153
1574 / 11782
1475 / 11058
1259 / 9576
628 / 4914
1391 / 10718
1458 / 11098
762 / 5901
661 / 5309
766 / 5926
1606 / 12038
674 / 5287
477 / 3811
1313 / 9850
1381 / 10538
1366 / 10079
1101 / 8460
1531 / 11311
1774 / 13376
1517 / 11222
765 / 6044
793 / 6295
317 / 2637
1429 / 10835
1309 / 9956
1225 / 9304
1782 / 13546
1356 / 10258
1377 / 10487
1703 / 12718
897 / 7037
870 / 6444
1130 / 8362
1437 / 10593
657 / 5205
1567 / 11690
553 / 4414
664 / 5246
1347 / 10165
310 / 2541
1434 / 10682
1297 / 9547
622 / 5015
612 / 4728
792 / 6054
1650 / 12430
1519 / 11499
549 / 4413
346 / 2761
555 / 4393
1366 / 10376
1431 / 11003
1700 / 12449
1458 / 10775
1197 / 8713
624 / 5045
898 / 6838
661 / 5302
1620 / 12140
822 / 6505
611 / 4802
1303 / 9927
547 / 4421
943 / 7402
666 / 5258
1425 / 10939
1353 / 10343
731 / 5462
791 / 6042
676 / 5180
1038 / 8048
664 / 5146
1564 / 11821
1670 / 12608
1540 / 11624
1081 / 7845
308 / 2525
677 / 5381
618 / 4757
643 / 5241
733 / 5477
660 / 5142
1488 / 10954
772 / 5947
658 / 5205
737 / 5845
670 / 5296
1103 / 8528
378 / 2989
308 / 2529
1373 / 10109
542 / 4342
641 / 4863
690 / 5416
1224 / 9190
1740 / 13124
1311 / 10043
660 / 5289
1447 / 11046
662 / 5229
1329 / 10046
1785 / 13391
1787 / 13414
1716 / 13007
703 / 5359
738 / 5984
587 / 4660
1171 / 9079
0 / 0
0 / 0
0 / 0
0 / 0
0 / 0
5 / 36
0 / 0
0 / 0
5 / 36
97 / 911
512 / 4109
315 / 2679
396 / 3269
464 / 3639
910 / 6686
1229 / 9545
